<?xml version="1.0" encoding="UTF-8"?>
<testng-results ignored="0" total="1" passed="1" failed="0" skipped="0">
  <reporter-output>
  </reporter-output>
  <suite started-at="2020-10-12T19:20:05 IST" name="Default suite" finished-at="2020-10-12T19:20:41 IST" duration-ms="36294">
    <groups>
    </groups>
    <test started-at="2020-10-12T19:20:05 IST" name="Default test" finished-at="2020-10-12T19:20:41 IST" duration-ms="36294">
      <class name="testing_main.BookFlight">
        <test-method is-config="true" signature="prereq()[pri:0, instance:testing_main.BookFlight@794cb805]" started-at="2020-10-12T19:20:05 IST" name="prereq" finished-at="2020-10-12T19:20:19 IST" duration-ms="13605" status="PASS">
          <reporter-output>
          </reporter-output>
        </test-method> <!-- prereq -->
        <test-method signature="test()[pri:0, instance:testing_main.BookFlight@794cb805]" started-at="2020-10-12T19:20:19 IST" name="test" finished-at="2020-10-12T19:20:40 IST" duration-ms="21679" status="PASS">
          <reporter-output>
          </reporter-output>
        </test-method> <!-- test -->
        <test-method is-config="true" signature="end()[pri:0, instance:testing_main.BookFlight@794cb805]" started-at="2020-10-12T19:20:40 IST" name="end" finished-at="2020-10-12T19:20:41 IST" duration-ms="959" status="PASS">
          <reporter-output>
          </reporter-output>
        </test-method> <!-- end -->
      </class> <!-- testing_main.BookFlight -->
    </test> <!-- Default test -->
  </suite> <!-- Default suite -->
</testng-results>
